"pkg-config --exists /app/blog/vendor/bundle/ruby/3.0.0/gems/sqlite3-1.6.2/ports/aarch64-linux-gnu/sqlite3/3.41.2/lib/pkgconfig/sqlite3.pc"
| pkg-config --libs /app/blog/vendor/bundle/ruby/3.0.0/gems/sqlite3-1.6.2/ports/aarch64-linux-gnu/sqlite3/3.41.2/lib/pkgconfig/sqlite3.pc
=> "-L/app/blog/vendor/bundle/ruby/3.0.0/gems/sqlite3-1.6.2/ports/aarch64-linux-gnu/sqlite3/3.41.2/lib -lsqlite3\n"
"gcc -o conftest -I/usr/local/include/ruby-3.0.0/aarch64-linux -I/usr/local/include/ruby-3.0.0/ruby/backward -I/usr/local/include/ruby-3.0.0 -I.    -O3 -ggdb3 -Wall -Wextra -Wdeprecated-declarations -Wduplicated-cond -Wimplicit-function-declaration -Wimplicit-int -Wmisleading-indentation -Wpointer-arith -Wwrite-strings -Wimplicit-fallthrough=0 -Wmissing-noreturn -Wno-cast-function-type -Wno-constant-logical-operand -Wno-long-long -Wno-missing-field-initializers -Wno-overlength-strings -Wno-packed-bitfield-compat -Wno-parentheses-equality -Wno-self-assign -Wno-tautological-compare -Wno-unused-parameter -Wno-unused-value -Wsuggest-attribute=format -Wsuggest-attribute=noreturn -Wunused-variable  -fPIC conftest.c  -L. -L/usr/local/lib -Wl,-rpath,/usr/local/lib -L. -fstack-protector-strong -rdynamic -Wl,-export-dynamic     -Wl,-rpath,/usr/local/lib -L/usr/local/lib -lruby  -lm   -lc"
checked program was:
/* begin */
1: #include "ruby.h"
2: 
3: int main(int argc, char **argv)
4: {
5:   return !!argv[argc];
6: }
/* end */

"gcc -o conftest -I/usr/local/include/ruby-3.0.0/aarch64-linux -I/usr/local/include/ruby-3.0.0/ruby/backward -I/usr/local/include/ruby-3.0.0 -I.    -O3 -ggdb3 -Wall -Wextra -Wdeprecated-declarations -Wduplicated-cond -Wimplicit-function-declaration -Wimplicit-int -Wmisleading-indentation -Wpointer-arith -Wwrite-strings -Wimplicit-fallthrough=0 -Wmissing-noreturn -Wno-cast-function-type -Wno-constant-logical-operand -Wno-long-long -Wno-missing-field-initializers -Wno-overlength-strings -Wno-packed-bitfield-compat -Wno-parentheses-equality -Wno-self-assign -Wno-tautological-compare -Wno-unused-parameter -Wno-unused-value -Wsuggest-attribute=format -Wsuggest-attribute=noreturn -Wunused-variable  -fPIC conftest.c  -L. -L/usr/local/lib -Wl,-rpath,/usr/local/lib -L. -fstack-protector-strong -rdynamic -Wl,-export-dynamic     -Wl,-rpath,/usr/local/lib -L/usr/local/lib -lruby -L/app/blog/vendor/bundle/ruby/3.0.0/gems/sqlite3-1.6.2/ports/aarch64-linux-gnu/sqlite3/3.41.2/lib -lsqlite3 -lm   -lc"
checked program was:
/* begin */
1: #include "ruby.h"
2: 
3: int main(int argc, char **argv)
4: {
5:   return !!argv[argc];
6: }
/* end */

| pkg-config --cflags-only-I /app/blog/vendor/bundle/ruby/3.0.0/gems/sqlite3-1.6.2/ports/aarch64-linux-gnu/sqlite3/3.41.2/lib/pkgconfig/sqlite3.pc
=> "-I/app/blog/vendor/bundle/ruby/3.0.0/gems/sqlite3-1.6.2/ports/aarch64-linux-gnu/sqlite3/3.41.2/include\n"
| pkg-config --cflags-only-other /app/blog/vendor/bundle/ruby/3.0.0/gems/sqlite3-1.6.2/ports/aarch64-linux-gnu/sqlite3/3.41.2/lib/pkgconfig/sqlite3.pc
=> "\n"
| pkg-config --libs-only-l /app/blog/vendor/bundle/ruby/3.0.0/gems/sqlite3-1.6.2/ports/aarch64-linux-gnu/sqlite3/3.41.2/lib/pkgconfig/sqlite3.pc
=> "-lsqlite3\n"
package configuration for /app/blog/vendor/bundle/ruby/3.0.0/gems/sqlite3-1.6.2/ports/aarch64-linux-gnu/sqlite3/3.41.2/lib/pkgconfig/sqlite3.pc
incflags: -I/app/blog/vendor/bundle/ruby/3.0.0/gems/sqlite3-1.6.2/ports/aarch64-linux-gnu/sqlite3/3.41.2/include
cflags: 
ldflags: -L/app/blog/vendor/bundle/ruby/3.0.0/gems/sqlite3-1.6.2/ports/aarch64-linux-gnu/sqlite3/3.41.2/lib
libs: -lsqlite3

| ["pkg-config", "--libs", "--static", "/app/blog/vendor/bundle/ruby/3.0.0/gems/sqlite3-1.6.2/ports/aarch64-linux-gnu/sqlite3/3.41.2/lib/pkgconfig/sqlite3.pc"]
block in append_ldflags: checking for whether -L/app/blog/vendor/bundle/ruby/3.0.0/gems/sqlite3-1.6.2/ports/aarch64-linux-gnu/sqlite3/3.41.2/lib is accepted as LDFLAGS... -------------------- yes

"gcc -o conftest -I/usr/local/include/ruby-3.0.0/aarch64-linux -I/usr/local/include/ruby-3.0.0/ruby/backward -I/usr/local/include/ruby-3.0.0 -I. -I/app/blog/vendor/bundle/ruby/3.0.0/gems/sqlite3-1.6.2/ports/aarch64-linux-gnu/sqlite3/3.41.2/include    -O3 -ggdb3 -Wall -Wextra -Wdeprecated-declarations -Wduplicated-cond -Wimplicit-function-declaration -Wimplicit-int -Wmisleading-indentation -Wpointer-arith -Wwrite-strings -Wimplicit-fallthrough=0 -Wmissing-noreturn -Wno-cast-function-type -Wno-constant-logical-operand -Wno-long-long -Wno-missing-field-initializers -Wno-overlength-strings -Wno-packed-bitfield-compat -Wno-parentheses-equality -Wno-self-assign -Wno-tautological-compare -Wno-unused-parameter -Wno-unused-value -Wsuggest-attribute=format -Wsuggest-attribute=noreturn -Wunused-variable  -fPIC  conftest.c  -L. -L/usr/local/lib -Wl,-rpath,/usr/local/lib -L. -fstack-protector-strong -rdynamic -Wl,-export-dynamic -L/app/blog/vendor/bundle/ruby/3.0.0/gems/sqlite3-1.6.2/ports/aarch64-linux-gnu/sqlite3/3.41.2/lib     -lsqlite3 -Wl,-rpath,/usr/local/lib -L/usr/local/lib -lruby -L/app/blog/vendor/bundle/ruby/3.0.0/gems/sqlite3-1.6.2/ports/aarch64-linux-gnu/sqlite3/3.41.2/lib -lm   -lc"
checked program was:
/* begin */
1: #include "ruby.h"
2: 
3: int main(int argc, char **argv)
4: {
5:   return !!argv[argc];
6: }
/* end */

--------------------

block in append_ldflags: checking for whether -lsqlite3 is accepted as LDFLAGS... -------------------- yes

"gcc -o conftest -I/usr/local/include/ruby-3.0.0/aarch64-linux -I/usr/local/include/ruby-3.0.0/ruby/backward -I/usr/local/include/ruby-3.0.0 -I. -I/app/blog/vendor/bundle/ruby/3.0.0/gems/sqlite3-1.6.2/ports/aarch64-linux-gnu/sqlite3/3.41.2/include    -O3 -ggdb3 -Wall -Wextra -Wdeprecated-declarations -Wduplicated-cond -Wimplicit-function-declaration -Wimplicit-int -Wmisleading-indentation -Wpointer-arith -Wwrite-strings -Wimplicit-fallthrough=0 -Wmissing-noreturn -Wno-cast-function-type -Wno-constant-logical-operand -Wno-long-long -Wno-missing-field-initializers -Wno-overlength-strings -Wno-packed-bitfield-compat -Wno-parentheses-equality -Wno-self-assign -Wno-tautological-compare -Wno-unused-parameter -Wno-unused-value -Wsuggest-attribute=format -Wsuggest-attribute=noreturn -Wunused-variable  -fPIC  conftest.c  -L. -L/usr/local/lib -Wl,-rpath,/usr/local/lib -L. -fstack-protector-strong -rdynamic -Wl,-export-dynamic -L/app/blog/vendor/bundle/ruby/3.0.0/gems/sqlite3-1.6.2/ports/aarch64-linux-gnu/sqlite3/3.41.2/lib -L/app/blog/vendor/bundle/ruby/3.0.0/gems/sqlite3-1.6.2/ports/aarch64-linux-gnu/sqlite3/3.41.2/lib     -lsqlite3 -Wl,-rpath,/usr/local/lib -L/usr/local/lib -lruby -lsqlite3 -lm   -lc"
checked program was:
/* begin */
1: #include "ruby.h"
2: 
3: int main(int argc, char **argv)
4: {
5:   return !!argv[argc];
6: }
/* end */

--------------------

block in append_ldflags: checking for whether -lz is accepted as LDFLAGS... -------------------- yes

"gcc -o conftest -I/usr/local/include/ruby-3.0.0/aarch64-linux -I/usr/local/include/ruby-3.0.0/ruby/backward -I/usr/local/include/ruby-3.0.0 -I. -I/app/blog/vendor/bundle/ruby/3.0.0/gems/sqlite3-1.6.2/ports/aarch64-linux-gnu/sqlite3/3.41.2/include    -O3 -ggdb3 -Wall -Wextra -Wdeprecated-declarations -Wduplicated-cond -Wimplicit-function-declaration -Wimplicit-int -Wmisleading-indentation -Wpointer-arith -Wwrite-strings -Wimplicit-fallthrough=0 -Wmissing-noreturn -Wno-cast-function-type -Wno-constant-logical-operand -Wno-long-long -Wno-missing-field-initializers -Wno-overlength-strings -Wno-packed-bitfield-compat -Wno-parentheses-equality -Wno-self-assign -Wno-tautological-compare -Wno-unused-parameter -Wno-unused-value -Wsuggest-attribute=format -Wsuggest-attribute=noreturn -Wunused-variable  -fPIC  conftest.c  -L. -L/usr/local/lib -Wl,-rpath,/usr/local/lib -L. -fstack-protector-strong -rdynamic -Wl,-export-dynamic -L/app/blog/vendor/bundle/ruby/3.0.0/gems/sqlite3-1.6.2/ports/aarch64-linux-gnu/sqlite3/3.41.2/lib -L/app/blog/vendor/bundle/ruby/3.0.0/gems/sqlite3-1.6.2/ports/aarch64-linux-gnu/sqlite3/3.41.2/lib -lsqlite3     -lsqlite3 -Wl,-rpath,/usr/local/lib -L/usr/local/lib -lruby -lz -lm   -lc"
checked program was:
/* begin */
1: #include "ruby.h"
2: 
3: int main(int argc, char **argv)
4: {
5:   return !!argv[argc];
6: }
/* end */

--------------------

block in append_ldflags: checking for whether -lm is accepted as LDFLAGS... -------------------- yes

"gcc -o conftest -I/usr/local/include/ruby-3.0.0/aarch64-linux -I/usr/local/include/ruby-3.0.0/ruby/backward -I/usr/local/include/ruby-3.0.0 -I. -I/app/blog/vendor/bundle/ruby/3.0.0/gems/sqlite3-1.6.2/ports/aarch64-linux-gnu/sqlite3/3.41.2/include    -O3 -ggdb3 -Wall -Wextra -Wdeprecated-declarations -Wduplicated-cond -Wimplicit-function-declaration -Wimplicit-int -Wmisleading-indentation -Wpointer-arith -Wwrite-strings -Wimplicit-fallthrough=0 -Wmissing-noreturn -Wno-cast-function-type -Wno-constant-logical-operand -Wno-long-long -Wno-missing-field-initializers -Wno-overlength-strings -Wno-packed-bitfield-compat -Wno-parentheses-equality -Wno-self-assign -Wno-tautological-compare -Wno-unused-parameter -Wno-unused-value -Wsuggest-attribute=format -Wsuggest-attribute=noreturn -Wunused-variable  -fPIC  conftest.c  -L. -L/usr/local/lib -Wl,-rpath,/usr/local/lib -L. -fstack-protector-strong -rdynamic -Wl,-export-dynamic -L/app/blog/vendor/bundle/ruby/3.0.0/gems/sqlite3-1.6.2/ports/aarch64-linux-gnu/sqlite3/3.41.2/lib -L/app/blog/vendor/bundle/ruby/3.0.0/gems/sqlite3-1.6.2/ports/aarch64-linux-gnu/sqlite3/3.41.2/lib -lsqlite3 -lz     -lsqlite3 -Wl,-rpath,/usr/local/lib -L/usr/local/lib -lruby -lm -lm   -lc"
checked program was:
/* begin */
1: #include "ruby.h"
2: 
3: int main(int argc, char **argv)
4: {
5:   return !!argv[argc];
6: }
/* end */

--------------------

block in append_ldflags: checking for whether -ldl is accepted as LDFLAGS... -------------------- yes

"gcc -o conftest -I/usr/local/include/ruby-3.0.0/aarch64-linux -I/usr/local/include/ruby-3.0.0/ruby/backward -I/usr/local/include/ruby-3.0.0 -I. -I/app/blog/vendor/bundle/ruby/3.0.0/gems/sqlite3-1.6.2/ports/aarch64-linux-gnu/sqlite3/3.41.2/include    -O3 -ggdb3 -Wall -Wextra -Wdeprecated-declarations -Wduplicated-cond -Wimplicit-function-declaration -Wimplicit-int -Wmisleading-indentation -Wpointer-arith -Wwrite-strings -Wimplicit-fallthrough=0 -Wmissing-noreturn -Wno-cast-function-type -Wno-constant-logical-operand -Wno-long-long -Wno-missing-field-initializers -Wno-overlength-strings -Wno-packed-bitfield-compat -Wno-parentheses-equality -Wno-self-assign -Wno-tautological-compare -Wno-unused-parameter -Wno-unused-value -Wsuggest-attribute=format -Wsuggest-attribute=noreturn -Wunused-variable  -fPIC  conftest.c  -L. -L/usr/local/lib -Wl,-rpath,/usr/local/lib -L. -fstack-protector-strong -rdynamic -Wl,-export-dynamic -L/app/blog/vendor/bundle/ruby/3.0.0/gems/sqlite3-1.6.2/ports/aarch64-linux-gnu/sqlite3/3.41.2/lib -L/app/blog/vendor/bundle/ruby/3.0.0/gems/sqlite3-1.6.2/ports/aarch64-linux-gnu/sqlite3/3.41.2/lib -lsqlite3 -lz -lm     -lsqlite3 -Wl,-rpath,/usr/local/lib -L/usr/local/lib -lruby -ldl -lm   -lc"
checked program was:
/* begin */
1: #include "ruby.h"
2: 
3: int main(int argc, char **argv)
4: {
5:   return !!argv[argc];
6: }
/* end */

--------------------

block in append_ldflags: checking for whether -lpthread is accepted as LDFLAGS... -------------------- yes

"gcc -o conftest -I/usr/local/include/ruby-3.0.0/aarch64-linux -I/usr/local/include/ruby-3.0.0/ruby/backward -I/usr/local/include/ruby-3.0.0 -I. -I/app/blog/vendor/bundle/ruby/3.0.0/gems/sqlite3-1.6.2/ports/aarch64-linux-gnu/sqlite3/3.41.2/include    -O3 -ggdb3 -Wall -Wextra -Wdeprecated-declarations -Wduplicated-cond -Wimplicit-function-declaration -Wimplicit-int -Wmisleading-indentation -Wpointer-arith -Wwrite-strings -Wimplicit-fallthrough=0 -Wmissing-noreturn -Wno-cast-function-type -Wno-constant-logical-operand -Wno-long-long -Wno-missing-field-initializers -Wno-overlength-strings -Wno-packed-bitfield-compat -Wno-parentheses-equality -Wno-self-assign -Wno-tautological-compare -Wno-unused-parameter -Wno-unused-value -Wsuggest-attribute=format -Wsuggest-attribute=noreturn -Wunused-variable  -fPIC  conftest.c  -L. -L/usr/local/lib -Wl,-rpath,/usr/local/lib -L. -fstack-protector-strong -rdynamic -Wl,-export-dynamic -L/app/blog/vendor/bundle/ruby/3.0.0/gems/sqlite3-1.6.2/ports/aarch64-linux-gnu/sqlite3/3.41.2/lib -L/app/blog/vendor/bundle/ruby/3.0.0/gems/sqlite3-1.6.2/ports/aarch64-linux-gnu/sqlite3/3.41.2/lib -lsqlite3 -lz -lm -ldl     -lsqlite3 -Wl,-rpath,/usr/local/lib -L/usr/local/lib -lruby -lpthread -lm   -lc"
checked program was:
/* begin */
1: #include "ruby.h"
2: 
3: int main(int argc, char **argv)
4: {
5:   return !!argv[argc];
6: }
/* end */

--------------------

block in append_cflags: checking for whether -fvisibility=hidden is accepted as CFLAGS... -------------------- yes

"gcc -I/usr/local/include/ruby-3.0.0/aarch64-linux -I/usr/local/include/ruby-3.0.0/ruby/backward -I/usr/local/include/ruby-3.0.0 -I. -I/app/blog/vendor/bundle/ruby/3.0.0/gems/sqlite3-1.6.2/ports/aarch64-linux-gnu/sqlite3/3.41.2/include    -O3 -ggdb3 -Wall -Wextra -Wdeprecated-declarations -Wduplicated-cond -Wimplicit-function-declaration -Wimplicit-int -Wmisleading-indentation -Wpointer-arith -Wwrite-strings -Wimplicit-fallthrough=0 -Wmissing-noreturn -Wno-cast-function-type -Wno-constant-logical-operand -Wno-long-long -Wno-missing-field-initializers -Wno-overlength-strings -Wno-packed-bitfield-compat -Wno-parentheses-equality -Wno-self-assign -Wno-tautological-compare -Wno-unused-parameter -Wno-unused-value -Wsuggest-attribute=format -Wsuggest-attribute=noreturn -Wunused-variable  -fPIC   -fvisibility=hidden -Werror -c conftest.c"
checked program was:
/* begin */
1: #include "ruby.h"
2: 
3: int main(int argc, char **argv)
4: {
5:   return !!argv[argc];
6: }
/* end */

--------------------

find_header: checking for sqlite3.h... -------------------- yes

"gcc -E -I/usr/local/include/ruby-3.0.0/aarch64-linux -I/usr/local/include/ruby-3.0.0/ruby/backward -I/usr/local/include/ruby-3.0.0 -I. -I/app/blog/vendor/bundle/ruby/3.0.0/gems/sqlite3-1.6.2/ports/aarch64-linux-gnu/sqlite3/3.41.2/include    -O3 -ggdb3 -Wall -Wextra -Wdeprecated-declarations -Wduplicated-cond -Wimplicit-function-declaration -Wimplicit-int -Wmisleading-indentation -Wpointer-arith -Wwrite-strings -Wimplicit-fallthrough=0 -Wmissing-noreturn -Wno-cast-function-type -Wno-constant-logical-operand -Wno-long-long -Wno-missing-field-initializers -Wno-overlength-strings -Wno-packed-bitfield-compat -Wno-parentheses-equality -Wno-self-assign -Wno-tautological-compare -Wno-unused-parameter -Wno-unused-value -Wsuggest-attribute=format -Wsuggest-attribute=noreturn -Wunused-variable  -fPIC  -fvisibility=hidden  conftest.c -o conftest.i"
checked program was:
/* begin */
1: #include "ruby.h"
2: 
3: #include <sqlite3.h>
/* end */

--------------------

find_library: checking for sqlite3_libversion_number() in -lsqlite3... -------------------- yes

"gcc -o conftest -I/usr/local/include/ruby-3.0.0/aarch64-linux -I/usr/local/include/ruby-3.0.0/ruby/backward -I/usr/local/include/ruby-3.0.0 -I. -I/app/blog/vendor/bundle/ruby/3.0.0/gems/sqlite3-1.6.2/ports/aarch64-linux-gnu/sqlite3/3.41.2/include    -O3 -ggdb3 -Wall -Wextra -Wdeprecated-declarations -Wduplicated-cond -Wimplicit-function-declaration -Wimplicit-int -Wmisleading-indentation -Wpointer-arith -Wwrite-strings -Wimplicit-fallthrough=0 -Wmissing-noreturn -Wno-cast-function-type -Wno-constant-logical-operand -Wno-long-long -Wno-missing-field-initializers -Wno-overlength-strings -Wno-packed-bitfield-compat -Wno-parentheses-equality -Wno-self-assign -Wno-tautological-compare -Wno-unused-parameter -Wno-unused-value -Wsuggest-attribute=format -Wsuggest-attribute=noreturn -Wunused-variable  -fPIC  -fvisibility=hidden conftest.c  -L. -L/usr/local/lib -Wl,-rpath,/usr/local/lib -L. -fstack-protector-strong -rdynamic -Wl,-export-dynamic -L/app/blog/vendor/bundle/ruby/3.0.0/gems/sqlite3-1.6.2/ports/aarch64-linux-gnu/sqlite3/3.41.2/lib -L/app/blog/vendor/bundle/ruby/3.0.0/gems/sqlite3-1.6.2/ports/aarch64-linux-gnu/sqlite3/3.41.2/lib -lsqlite3 -lz -lm -ldl -lpthread     -lsqlite3 -Wl,-rpath,/usr/local/lib -L/usr/local/lib -lruby -lsqlite3  -lsqlite3 -lm   -lc"
conftest.c: In function ‘t’:
conftest.c:14:57: error: ‘sqlite3_libversion_number’ undeclared (first use in this function)
 int t(void) { void ((*volatile p)()); p = (void ((*)()))sqlite3_libversion_number; return !p; }
                                                         ^~~~~~~~~~~~~~~~~~~~~~~~~
conftest.c:14:57: note: each undeclared identifier is reported only once for each function it appears in
conftest.c: At top level:
cc1: warning: unrecognized command line option ‘-Wno-self-assign’
cc1: warning: unrecognized command line option ‘-Wno-parentheses-equality’
cc1: warning: unrecognized command line option ‘-Wno-constant-logical-operand’
checked program was:
/* begin */
 1: #include "ruby.h"
 2: 
 3: /*top*/
 4: extern int t(void);
 5: int main(int argc, char **argv)
 6: {
 7:   if (argc > 1000000) {
 8:     int (* volatile tp)(void)=(int (*)(void))&t;
 9:     printf("%d", (*tp)());
10:   }
11: 
12:   return !!argv[argc];
13: }
14: int t(void) { void ((*volatile p)()); p = (void ((*)()))sqlite3_libversion_number; return !p; }
/* end */

"gcc -o conftest -I/usr/local/include/ruby-3.0.0/aarch64-linux -I/usr/local/include/ruby-3.0.0/ruby/backward -I/usr/local/include/ruby-3.0.0 -I. -I/app/blog/vendor/bundle/ruby/3.0.0/gems/sqlite3-1.6.2/ports/aarch64-linux-gnu/sqlite3/3.41.2/include    -O3 -ggdb3 -Wall -Wextra -Wdeprecated-declarations -Wduplicated-cond -Wimplicit-function-declaration -Wimplicit-int -Wmisleading-indentation -Wpointer-arith -Wwrite-strings -Wimplicit-fallthrough=0 -Wmissing-noreturn -Wno-cast-function-type -Wno-constant-logical-operand -Wno-long-long -Wno-missing-field-initializers -Wno-overlength-strings -Wno-packed-bitfield-compat -Wno-parentheses-equality -Wno-self-assign -Wno-tautological-compare -Wno-unused-parameter -Wno-unused-value -Wsuggest-attribute=format -Wsuggest-attribute=noreturn -Wunused-variable  -fPIC  -fvisibility=hidden conftest.c  -L. -L/usr/local/lib -Wl,-rpath,/usr/local/lib -L. -fstack-protector-strong -rdynamic -Wl,-export-dynamic -L/app/blog/vendor/bundle/ruby/3.0.0/gems/sqlite3-1.6.2/ports/aarch64-linux-gnu/sqlite3/3.41.2/lib -L/app/blog/vendor/bundle/ruby/3.0.0/gems/sqlite3-1.6.2/ports/aarch64-linux-gnu/sqlite3/3.41.2/lib -lsqlite3 -lz -lm -ldl -lpthread     -lsqlite3 -Wl,-rpath,/usr/local/lib -L/usr/local/lib -lruby -lsqlite3  -lsqlite3 -lm   -lc"
checked program was:
/* begin */
 1: #include "ruby.h"
 2: 
 3: /*top*/
 4: extern int t(void);
 5: int main(int argc, char **argv)
 6: {
 7:   if (argc > 1000000) {
 8:     int (* volatile tp)(void)=(int (*)(void))&t;
 9:     printf("%d", (*tp)());
10:   }
11: 
12:   return !!argv[argc];
13: }
14: extern void sqlite3_libversion_number();
15: int t(void) { sqlite3_libversion_number(); return 0; }
/* end */

--------------------

have_func: checking for rb_proc_arity()... -------------------- yes

"gcc -o conftest -I/usr/local/include/ruby-3.0.0/aarch64-linux -I/usr/local/include/ruby-3.0.0/ruby/backward -I/usr/local/include/ruby-3.0.0 -I. -I/app/blog/vendor/bundle/ruby/3.0.0/gems/sqlite3-1.6.2/ports/aarch64-linux-gnu/sqlite3/3.41.2/include    -O3 -ggdb3 -Wall -Wextra -Wdeprecated-declarations -Wduplicated-cond -Wimplicit-function-declaration -Wimplicit-int -Wmisleading-indentation -Wpointer-arith -Wwrite-strings -Wimplicit-fallthrough=0 -Wmissing-noreturn -Wno-cast-function-type -Wno-constant-logical-operand -Wno-long-long -Wno-missing-field-initializers -Wno-overlength-strings -Wno-packed-bitfield-compat -Wno-parentheses-equality -Wno-self-assign -Wno-tautological-compare -Wno-unused-parameter -Wno-unused-value -Wsuggest-attribute=format -Wsuggest-attribute=noreturn -Wunused-variable  -fPIC  -fvisibility=hidden conftest.c  -L. -L/usr/local/lib -Wl,-rpath,/usr/local/lib -L. -fstack-protector-strong -rdynamic -Wl,-export-dynamic -L/app/blog/vendor/bundle/ruby/3.0.0/gems/sqlite3-1.6.2/ports/aarch64-linux-gnu/sqlite3/3.41.2/lib -L/app/blog/vendor/bundle/ruby/3.0.0/gems/sqlite3-1.6.2/ports/aarch64-linux-gnu/sqlite3/3.41.2/lib -lsqlite3 -lz -lm -ldl -lpthread    -lsqlite3  -lsqlite3 -Wl,-rpath,/usr/local/lib -L/usr/local/lib -lruby -lsqlite3  -lsqlite3 -lm   -lc"
checked program was:
/* begin */
 1: #include "ruby.h"
 2: 
 3: /*top*/
 4: extern int t(void);
 5: int main(int argc, char **argv)
 6: {
 7:   if (argc > 1000000) {
 8:     int (* volatile tp)(void)=(int (*)(void))&t;
 9:     printf("%d", (*tp)());
10:   }
11: 
12:   return !!argv[argc];
13: }
14: int t(void) { void ((*volatile p)()); p = (void ((*)()))rb_proc_arity; return !p; }
/* end */

--------------------

have_func: checking for rb_integer_pack()... -------------------- yes

"gcc -o conftest -I/usr/local/include/ruby-3.0.0/aarch64-linux -I/usr/local/include/ruby-3.0.0/ruby/backward -I/usr/local/include/ruby-3.0.0 -I. -I/app/blog/vendor/bundle/ruby/3.0.0/gems/sqlite3-1.6.2/ports/aarch64-linux-gnu/sqlite3/3.41.2/include    -O3 -ggdb3 -Wall -Wextra -Wdeprecated-declarations -Wduplicated-cond -Wimplicit-function-declaration -Wimplicit-int -Wmisleading-indentation -Wpointer-arith -Wwrite-strings -Wimplicit-fallthrough=0 -Wmissing-noreturn -Wno-cast-function-type -Wno-constant-logical-operand -Wno-long-long -Wno-missing-field-initializers -Wno-overlength-strings -Wno-packed-bitfield-compat -Wno-parentheses-equality -Wno-self-assign -Wno-tautological-compare -Wno-unused-parameter -Wno-unused-value -Wsuggest-attribute=format -Wsuggest-attribute=noreturn -Wunused-variable  -fPIC  -fvisibility=hidden conftest.c  -L. -L/usr/local/lib -Wl,-rpath,/usr/local/lib -L. -fstack-protector-strong -rdynamic -Wl,-export-dynamic -L/app/blog/vendor/bundle/ruby/3.0.0/gems/sqlite3-1.6.2/ports/aarch64-linux-gnu/sqlite3/3.41.2/lib -L/app/blog/vendor/bundle/ruby/3.0.0/gems/sqlite3-1.6.2/ports/aarch64-linux-gnu/sqlite3/3.41.2/lib -lsqlite3 -lz -lm -ldl -lpthread    -lsqlite3  -lsqlite3 -Wl,-rpath,/usr/local/lib -L/usr/local/lib -lruby -lsqlite3  -lsqlite3 -lm   -lc"
checked program was:
/* begin */
 1: #include "ruby.h"
 2: 
 3: /*top*/
 4: extern int t(void);
 5: int main(int argc, char **argv)
 6: {
 7:   if (argc > 1000000) {
 8:     int (* volatile tp)(void)=(int (*)(void))&t;
 9:     printf("%d", (*tp)());
10:   }
11: 
12:   return !!argv[argc];
13: }
14: int t(void) { void ((*volatile p)()); p = (void ((*)()))rb_integer_pack; return !p; }
/* end */

--------------------

have_func: checking for sqlite3_initialize()... -------------------- yes

"gcc -o conftest -I/usr/local/include/ruby-3.0.0/aarch64-linux -I/usr/local/include/ruby-3.0.0/ruby/backward -I/usr/local/include/ruby-3.0.0 -I. -I/app/blog/vendor/bundle/ruby/3.0.0/gems/sqlite3-1.6.2/ports/aarch64-linux-gnu/sqlite3/3.41.2/include    -O3 -ggdb3 -Wall -Wextra -Wdeprecated-declarations -Wduplicated-cond -Wimplicit-function-declaration -Wimplicit-int -Wmisleading-indentation -Wpointer-arith -Wwrite-strings -Wimplicit-fallthrough=0 -Wmissing-noreturn -Wno-cast-function-type -Wno-constant-logical-operand -Wno-long-long -Wno-missing-field-initializers -Wno-overlength-strings -Wno-packed-bitfield-compat -Wno-parentheses-equality -Wno-self-assign -Wno-tautological-compare -Wno-unused-parameter -Wno-unused-value -Wsuggest-attribute=format -Wsuggest-attribute=noreturn -Wunused-variable  -fPIC  -fvisibility=hidden conftest.c  -L. -L/usr/local/lib -Wl,-rpath,/usr/local/lib -L. -fstack-protector-strong -rdynamic -Wl,-export-dynamic -L/app/blog/vendor/bundle/ruby/3.0.0/gems/sqlite3-1.6.2/ports/aarch64-linux-gnu/sqlite3/3.41.2/lib -L/app/blog/vendor/bundle/ruby/3.0.0/gems/sqlite3-1.6.2/ports/aarch64-linux-gnu/sqlite3/3.41.2/lib -lsqlite3 -lz -lm -ldl -lpthread    -lsqlite3  -lsqlite3 -Wl,-rpath,/usr/local/lib -L/usr/local/lib -lruby -lsqlite3  -lsqlite3 -lm   -lc"
conftest.c: In function ‘t’:
conftest.c:14:57: error: ‘sqlite3_initialize’ undeclared (first use in this function); did you mean ‘rb_struct_initialize’?
 int t(void) { void ((*volatile p)()); p = (void ((*)()))sqlite3_initialize; return !p; }
                                                         ^~~~~~~~~~~~~~~~~~
                                                         rb_struct_initialize
conftest.c:14:57: note: each undeclared identifier is reported only once for each function it appears in
conftest.c: At top level:
cc1: warning: unrecognized command line option ‘-Wno-self-assign’
cc1: warning: unrecognized command line option ‘-Wno-parentheses-equality’
cc1: warning: unrecognized command line option ‘-Wno-constant-logical-operand’
checked program was:
/* begin */
 1: #include "ruby.h"
 2: 
 3: /*top*/
 4: extern int t(void);
 5: int main(int argc, char **argv)
 6: {
 7:   if (argc > 1000000) {
 8:     int (* volatile tp)(void)=(int (*)(void))&t;
 9:     printf("%d", (*tp)());
10:   }
11: 
12:   return !!argv[argc];
13: }
14: int t(void) { void ((*volatile p)()); p = (void ((*)()))sqlite3_initialize; return !p; }
/* end */

"gcc -o conftest -I/usr/local/include/ruby-3.0.0/aarch64-linux -I/usr/local/include/ruby-3.0.0/ruby/backward -I/usr/local/include/ruby-3.0.0 -I. -I/app/blog/vendor/bundle/ruby/3.0.0/gems/sqlite3-1.6.2/ports/aarch64-linux-gnu/sqlite3/3.41.2/include    -O3 -ggdb3 -Wall -Wextra -Wdeprecated-declarations -Wduplicated-cond -Wimplicit-function-declaration -Wimplicit-int -Wmisleading-indentation -Wpointer-arith -Wwrite-strings -Wimplicit-fallthrough=0 -Wmissing-noreturn -Wno-cast-function-type -Wno-constant-logical-operand -Wno-long-long -Wno-missing-field-initializers -Wno-overlength-strings -Wno-packed-bitfield-compat -Wno-parentheses-equality -Wno-self-assign -Wno-tautological-compare -Wno-unused-parameter -Wno-unused-value -Wsuggest-attribute=format -Wsuggest-attribute=noreturn -Wunused-variable  -fPIC  -fvisibility=hidden conftest.c  -L. -L/usr/local/lib -Wl,-rpath,/usr/local/lib -L. -fstack-protector-strong -rdynamic -Wl,-export-dynamic -L/app/blog/vendor/bundle/ruby/3.0.0/gems/sqlite3-1.6.2/ports/aarch64-linux-gnu/sqlite3/3.41.2/lib -L/app/blog/vendor/bundle/ruby/3.0.0/gems/sqlite3-1.6.2/ports/aarch64-linux-gnu/sqlite3/3.41.2/lib -lsqlite3 -lz -lm -ldl -lpthread    -lsqlite3  -lsqlite3 -Wl,-rpath,/usr/local/lib -L/usr/local/lib -lruby -lsqlite3  -lsqlite3 -lm   -lc"
checked program was:
/* begin */
 1: #include "ruby.h"
 2: 
 3: /*top*/
 4: extern int t(void);
 5: int main(int argc, char **argv)
 6: {
 7:   if (argc > 1000000) {
 8:     int (* volatile tp)(void)=(int (*)(void))&t;
 9:     printf("%d", (*tp)());
10:   }
11: 
12:   return !!argv[argc];
13: }
14: extern void sqlite3_initialize();
15: int t(void) { sqlite3_initialize(); return 0; }
/* end */

--------------------

have_func: checking for sqlite3_backup_init()... -------------------- yes

"gcc -o conftest -I/usr/local/include/ruby-3.0.0/aarch64-linux -I/usr/local/include/ruby-3.0.0/ruby/backward -I/usr/local/include/ruby-3.0.0 -I. -I/app/blog/vendor/bundle/ruby/3.0.0/gems/sqlite3-1.6.2/ports/aarch64-linux-gnu/sqlite3/3.41.2/include    -O3 -ggdb3 -Wall -Wextra -Wdeprecated-declarations -Wduplicated-cond -Wimplicit-function-declaration -Wimplicit-int -Wmisleading-indentation -Wpointer-arith -Wwrite-strings -Wimplicit-fallthrough=0 -Wmissing-noreturn -Wno-cast-function-type -Wno-constant-logical-operand -Wno-long-long -Wno-missing-field-initializers -Wno-overlength-strings -Wno-packed-bitfield-compat -Wno-parentheses-equality -Wno-self-assign -Wno-tautological-compare -Wno-unused-parameter -Wno-unused-value -Wsuggest-attribute=format -Wsuggest-attribute=noreturn -Wunused-variable  -fPIC  -fvisibility=hidden conftest.c  -L. -L/usr/local/lib -Wl,-rpath,/usr/local/lib -L. -fstack-protector-strong -rdynamic -Wl,-export-dynamic -L/app/blog/vendor/bundle/ruby/3.0.0/gems/sqlite3-1.6.2/ports/aarch64-linux-gnu/sqlite3/3.41.2/lib -L/app/blog/vendor/bundle/ruby/3.0.0/gems/sqlite3-1.6.2/ports/aarch64-linux-gnu/sqlite3/3.41.2/lib -lsqlite3 -lz -lm -ldl -lpthread    -lsqlite3  -lsqlite3 -Wl,-rpath,/usr/local/lib -L/usr/local/lib -lruby -lsqlite3  -lsqlite3 -lm   -lc"
conftest.c: In function ‘t’:
conftest.c:14:57: error: ‘sqlite3_backup_init’ undeclared (first use in this function)
 int t(void) { void ((*volatile p)()); p = (void ((*)()))sqlite3_backup_init; return !p; }
                                                         ^~~~~~~~~~~~~~~~~~~
conftest.c:14:57: note: each undeclared identifier is reported only once for each function it appears in
conftest.c: At top level:
cc1: warning: unrecognized command line option ‘-Wno-self-assign’
cc1: warning: unrecognized command line option ‘-Wno-parentheses-equality’
cc1: warning: unrecognized command line option ‘-Wno-constant-logical-operand’
checked program was:
/* begin */
 1: #include "ruby.h"
 2: 
 3: /*top*/
 4: extern int t(void);
 5: int main(int argc, char **argv)
 6: {
 7:   if (argc > 1000000) {
 8:     int (* volatile tp)(void)=(int (*)(void))&t;
 9:     printf("%d", (*tp)());
10:   }
11: 
12:   return !!argv[argc];
13: }
14: int t(void) { void ((*volatile p)()); p = (void ((*)()))sqlite3_backup_init; return !p; }
/* end */

"gcc -o conftest -I/usr/local/include/ruby-3.0.0/aarch64-linux -I/usr/local/include/ruby-3.0.0/ruby/backward -I/usr/local/include/ruby-3.0.0 -I. -I/app/blog/vendor/bundle/ruby/3.0.0/gems/sqlite3-1.6.2/ports/aarch64-linux-gnu/sqlite3/3.41.2/include    -O3 -ggdb3 -Wall -Wextra -Wdeprecated-declarations -Wduplicated-cond -Wimplicit-function-declaration -Wimplicit-int -Wmisleading-indentation -Wpointer-arith -Wwrite-strings -Wimplicit-fallthrough=0 -Wmissing-noreturn -Wno-cast-function-type -Wno-constant-logical-operand -Wno-long-long -Wno-missing-field-initializers -Wno-overlength-strings -Wno-packed-bitfield-compat -Wno-parentheses-equality -Wno-self-assign -Wno-tautological-compare -Wno-unused-parameter -Wno-unused-value -Wsuggest-attribute=format -Wsuggest-attribute=noreturn -Wunused-variable  -fPIC  -fvisibility=hidden conftest.c  -L. -L/usr/local/lib -Wl,-rpath,/usr/local/lib -L. -fstack-protector-strong -rdynamic -Wl,-export-dynamic -L/app/blog/vendor/bundle/ruby/3.0.0/gems/sqlite3-1.6.2/ports/aarch64-linux-gnu/sqlite3/3.41.2/lib -L/app/blog/vendor/bundle/ruby/3.0.0/gems/sqlite3-1.6.2/ports/aarch64-linux-gnu/sqlite3/3.41.2/lib -lsqlite3 -lz -lm -ldl -lpthread    -lsqlite3  -lsqlite3 -Wl,-rpath,/usr/local/lib -L/usr/local/lib -lruby -lsqlite3  -lsqlite3 -lm   -lc"
checked program was:
/* begin */
 1: #include "ruby.h"
 2: 
 3: /*top*/
 4: extern int t(void);
 5: int main(int argc, char **argv)
 6: {
 7:   if (argc > 1000000) {
 8:     int (* volatile tp)(void)=(int (*)(void))&t;
 9:     printf("%d", (*tp)());
10:   }
11: 
12:   return !!argv[argc];
13: }
14: extern void sqlite3_backup_init();
15: int t(void) { sqlite3_backup_init(); return 0; }
/* end */

--------------------

have_func: checking for sqlite3_column_database_name()... -------------------- no

"gcc -o conftest -I/usr/local/include/ruby-3.0.0/aarch64-linux -I/usr/local/include/ruby-3.0.0/ruby/backward -I/usr/local/include/ruby-3.0.0 -I. -I/app/blog/vendor/bundle/ruby/3.0.0/gems/sqlite3-1.6.2/ports/aarch64-linux-gnu/sqlite3/3.41.2/include    -O3 -ggdb3 -Wall -Wextra -Wdeprecated-declarations -Wduplicated-cond -Wimplicit-function-declaration -Wimplicit-int -Wmisleading-indentation -Wpointer-arith -Wwrite-strings -Wimplicit-fallthrough=0 -Wmissing-noreturn -Wno-cast-function-type -Wno-constant-logical-operand -Wno-long-long -Wno-missing-field-initializers -Wno-overlength-strings -Wno-packed-bitfield-compat -Wno-parentheses-equality -Wno-self-assign -Wno-tautological-compare -Wno-unused-parameter -Wno-unused-value -Wsuggest-attribute=format -Wsuggest-attribute=noreturn -Wunused-variable  -fPIC  -fvisibility=hidden conftest.c  -L. -L/usr/local/lib -Wl,-rpath,/usr/local/lib -L. -fstack-protector-strong -rdynamic -Wl,-export-dynamic -L/app/blog/vendor/bundle/ruby/3.0.0/gems/sqlite3-1.6.2/ports/aarch64-linux-gnu/sqlite3/3.41.2/lib -L/app/blog/vendor/bundle/ruby/3.0.0/gems/sqlite3-1.6.2/ports/aarch64-linux-gnu/sqlite3/3.41.2/lib -lsqlite3 -lz -lm -ldl -lpthread    -lsqlite3  -lsqlite3 -Wl,-rpath,/usr/local/lib -L/usr/local/lib -lruby -lsqlite3  -lsqlite3 -lm   -lc"
conftest.c: In function ‘t’:
conftest.c:14:57: error: ‘sqlite3_column_database_name’ undeclared (first use in this function)
 int t(void) { void ((*volatile p)()); p = (void ((*)()))sqlite3_column_database_name; return !p; }
                                                         ^~~~~~~~~~~~~~~~~~~~~~~~~~~~
conftest.c:14:57: note: each undeclared identifier is reported only once for each function it appears in
conftest.c: At top level:
cc1: warning: unrecognized command line option ‘-Wno-self-assign’
cc1: warning: unrecognized command line option ‘-Wno-parentheses-equality’
cc1: warning: unrecognized command line option ‘-Wno-constant-logical-operand’
checked program was:
/* begin */
 1: #include "ruby.h"
 2: 
 3: /*top*/
 4: extern int t(void);
 5: int main(int argc, char **argv)
 6: {
 7:   if (argc > 1000000) {
 8:     int (* volatile tp)(void)=(int (*)(void))&t;
 9:     printf("%d", (*tp)());
10:   }
11: 
12:   return !!argv[argc];
13: }
14: int t(void) { void ((*volatile p)()); p = (void ((*)()))sqlite3_column_database_name; return !p; }
/* end */

"gcc -o conftest -I/usr/local/include/ruby-3.0.0/aarch64-linux -I/usr/local/include/ruby-3.0.0/ruby/backward -I/usr/local/include/ruby-3.0.0 -I. -I/app/blog/vendor/bundle/ruby/3.0.0/gems/sqlite3-1.6.2/ports/aarch64-linux-gnu/sqlite3/3.41.2/include    -O3 -ggdb3 -Wall -Wextra -Wdeprecated-declarations -Wduplicated-cond -Wimplicit-function-declaration -Wimplicit-int -Wmisleading-indentation -Wpointer-arith -Wwrite-strings -Wimplicit-fallthrough=0 -Wmissing-noreturn -Wno-cast-function-type -Wno-constant-logical-operand -Wno-long-long -Wno-missing-field-initializers -Wno-overlength-strings -Wno-packed-bitfield-compat -Wno-parentheses-equality -Wno-self-assign -Wno-tautological-compare -Wno-unused-parameter -Wno-unused-value -Wsuggest-attribute=format -Wsuggest-attribute=noreturn -Wunused-variable  -fPIC  -fvisibility=hidden conftest.c  -L. -L/usr/local/lib -Wl,-rpath,/usr/local/lib -L. -fstack-protector-strong -rdynamic -Wl,-export-dynamic -L/app/blog/vendor/bundle/ruby/3.0.0/gems/sqlite3-1.6.2/ports/aarch64-linux-gnu/sqlite3/3.41.2/lib -L/app/blog/vendor/bundle/ruby/3.0.0/gems/sqlite3-1.6.2/ports/aarch64-linux-gnu/sqlite3/3.41.2/lib -lsqlite3 -lz -lm -ldl -lpthread    -lsqlite3  -lsqlite3 -Wl,-rpath,/usr/local/lib -L/usr/local/lib -lruby -lsqlite3  -lsqlite3 -lm   -lc"
/usr/bin/ld: /tmp/ccckyw5f.o: in function `t':
/app/blog/vendor/bundle/ruby/3.0.0/gems/sqlite3-1.6.2/ext/sqlite3/conftest.c:15: undefined reference to `sqlite3_column_database_name'
collect2: error: ld returned 1 exit status
checked program was:
/* begin */
 1: #include "ruby.h"
 2: 
 3: /*top*/
 4: extern int t(void);
 5: int main(int argc, char **argv)
 6: {
 7:   if (argc > 1000000) {
 8:     int (* volatile tp)(void)=(int (*)(void))&t;
 9:     printf("%d", (*tp)());
10:   }
11: 
12:   return !!argv[argc];
13: }
14: extern void sqlite3_column_database_name();
15: int t(void) { sqlite3_column_database_name(); return 0; }
/* end */

--------------------

have_func: checking for sqlite3_enable_load_extension()... -------------------- yes

"gcc -o conftest -I/usr/local/include/ruby-3.0.0/aarch64-linux -I/usr/local/include/ruby-3.0.0/ruby/backward -I/usr/local/include/ruby-3.0.0 -I. -I/app/blog/vendor/bundle/ruby/3.0.0/gems/sqlite3-1.6.2/ports/aarch64-linux-gnu/sqlite3/3.41.2/include    -O3 -ggdb3 -Wall -Wextra -Wdeprecated-declarations -Wduplicated-cond -Wimplicit-function-declaration -Wimplicit-int -Wmisleading-indentation -Wpointer-arith -Wwrite-strings -Wimplicit-fallthrough=0 -Wmissing-noreturn -Wno-cast-function-type -Wno-constant-logical-operand -Wno-long-long -Wno-missing-field-initializers -Wno-overlength-strings -Wno-packed-bitfield-compat -Wno-parentheses-equality -Wno-self-assign -Wno-tautological-compare -Wno-unused-parameter -Wno-unused-value -Wsuggest-attribute=format -Wsuggest-attribute=noreturn -Wunused-variable  -fPIC  -fvisibility=hidden conftest.c  -L. -L/usr/local/lib -Wl,-rpath,/usr/local/lib -L. -fstack-protector-strong -rdynamic -Wl,-export-dynamic -L/app/blog/vendor/bundle/ruby/3.0.0/gems/sqlite3-1.6.2/ports/aarch64-linux-gnu/sqlite3/3.41.2/lib -L/app/blog/vendor/bundle/ruby/3.0.0/gems/sqlite3-1.6.2/ports/aarch64-linux-gnu/sqlite3/3.41.2/lib -lsqlite3 -lz -lm -ldl -lpthread    -lsqlite3  -lsqlite3 -Wl,-rpath,/usr/local/lib -L/usr/local/lib -lruby -lsqlite3  -lsqlite3 -lm   -lc"
conftest.c: In function ‘t’:
conftest.c:14:57: error: ‘sqlite3_enable_load_extension’ undeclared (first use in this function)
 int t(void) { void ((*volatile p)()); p = (void ((*)()))sqlite3_enable_load_extension; return !p; }
                                                         ^~~~~~~~~~~~~~~~~~~~~~~~~~~~~
conftest.c:14:57: note: each undeclared identifier is reported only once for each function it appears in
conftest.c: At top level:
cc1: warning: unrecognized command line option ‘-Wno-self-assign’
cc1: warning: unrecognized command line option ‘-Wno-parentheses-equality’
cc1: warning: unrecognized command line option ‘-Wno-constant-logical-operand’
checked program was:
/* begin */
 1: #include "ruby.h"
 2: 
 3: /*top*/
 4: extern int t(void);
 5: int main(int argc, char **argv)
 6: {
 7:   if (argc > 1000000) {
 8:     int (* volatile tp)(void)=(int (*)(void))&t;
 9:     printf("%d", (*tp)());
10:   }
11: 
12:   return !!argv[argc];
13: }
14: int t(void) { void ((*volatile p)()); p = (void ((*)()))sqlite3_enable_load_extension; return !p; }
/* end */

"gcc -o conftest -I/usr/local/include/ruby-3.0.0/aarch64-linux -I/usr/local/include/ruby-3.0.0/ruby/backward -I/usr/local/include/ruby-3.0.0 -I. -I/app/blog/vendor/bundle/ruby/3.0.0/gems/sqlite3-1.6.2/ports/aarch64-linux-gnu/sqlite3/3.41.2/include    -O3 -ggdb3 -Wall -Wextra -Wdeprecated-declarations -Wduplicated-cond -Wimplicit-function-declaration -Wimplicit-int -Wmisleading-indentation -Wpointer-arith -Wwrite-strings -Wimplicit-fallthrough=0 -Wmissing-noreturn -Wno-cast-function-type -Wno-constant-logical-operand -Wno-long-long -Wno-missing-field-initializers -Wno-overlength-strings -Wno-packed-bitfield-compat -Wno-parentheses-equality -Wno-self-assign -Wno-tautological-compare -Wno-unused-parameter -Wno-unused-value -Wsuggest-attribute=format -Wsuggest-attribute=noreturn -Wunused-variable  -fPIC  -fvisibility=hidden conftest.c  -L. -L/usr/local/lib -Wl,-rpath,/usr/local/lib -L. -fstack-protector-strong -rdynamic -Wl,-export-dynamic -L/app/blog/vendor/bundle/ruby/3.0.0/gems/sqlite3-1.6.2/ports/aarch64-linux-gnu/sqlite3/3.41.2/lib -L/app/blog/vendor/bundle/ruby/3.0.0/gems/sqlite3-1.6.2/ports/aarch64-linux-gnu/sqlite3/3.41.2/lib -lsqlite3 -lz -lm -ldl -lpthread    -lsqlite3  -lsqlite3 -Wl,-rpath,/usr/local/lib -L/usr/local/lib -lruby -lsqlite3  -lsqlite3 -lm   -lc"
checked program was:
/* begin */
 1: #include "ruby.h"
 2: 
 3: /*top*/
 4: extern int t(void);
 5: int main(int argc, char **argv)
 6: {
 7:   if (argc > 1000000) {
 8:     int (* volatile tp)(void)=(int (*)(void))&t;
 9:     printf("%d", (*tp)());
10:   }
11: 
12:   return !!argv[argc];
13: }
14: extern void sqlite3_enable_load_extension();
15: int t(void) { sqlite3_enable_load_extension(); return 0; }
/* end */

--------------------

have_func: checking for sqlite3_load_extension()... -------------------- yes

"gcc -o conftest -I/usr/local/include/ruby-3.0.0/aarch64-linux -I/usr/local/include/ruby-3.0.0/ruby/backward -I/usr/local/include/ruby-3.0.0 -I. -I/app/blog/vendor/bundle/ruby/3.0.0/gems/sqlite3-1.6.2/ports/aarch64-linux-gnu/sqlite3/3.41.2/include    -O3 -ggdb3 -Wall -Wextra -Wdeprecated-declarations -Wduplicated-cond -Wimplicit-function-declaration -Wimplicit-int -Wmisleading-indentation -Wpointer-arith -Wwrite-strings -Wimplicit-fallthrough=0 -Wmissing-noreturn -Wno-cast-function-type -Wno-constant-logical-operand -Wno-long-long -Wno-missing-field-initializers -Wno-overlength-strings -Wno-packed-bitfield-compat -Wno-parentheses-equality -Wno-self-assign -Wno-tautological-compare -Wno-unused-parameter -Wno-unused-value -Wsuggest-attribute=format -Wsuggest-attribute=noreturn -Wunused-variable  -fPIC  -fvisibility=hidden conftest.c  -L. -L/usr/local/lib -Wl,-rpath,/usr/local/lib -L. -fstack-protector-strong -rdynamic -Wl,-export-dynamic -L/app/blog/vendor/bundle/ruby/3.0.0/gems/sqlite3-1.6.2/ports/aarch64-linux-gnu/sqlite3/3.41.2/lib -L/app/blog/vendor/bundle/ruby/3.0.0/gems/sqlite3-1.6.2/ports/aarch64-linux-gnu/sqlite3/3.41.2/lib -lsqlite3 -lz -lm -ldl -lpthread    -lsqlite3  -lsqlite3 -Wl,-rpath,/usr/local/lib -L/usr/local/lib -lruby -lsqlite3  -lsqlite3 -lm   -lc"
conftest.c: In function ‘t’:
conftest.c:14:57: error: ‘sqlite3_load_extension’ undeclared (first use in this function)
 int t(void) { void ((*volatile p)()); p = (void ((*)()))sqlite3_load_extension; return !p; }
                                                         ^~~~~~~~~~~~~~~~~~~~~~
conftest.c:14:57: note: each undeclared identifier is reported only once for each function it appears in
conftest.c: At top level:
cc1: warning: unrecognized command line option ‘-Wno-self-assign’
cc1: warning: unrecognized command line option ‘-Wno-parentheses-equality’
cc1: warning: unrecognized command line option ‘-Wno-constant-logical-operand’
checked program was:
/* begin */
 1: #include "ruby.h"
 2: 
 3: /*top*/
 4: extern int t(void);
 5: int main(int argc, char **argv)
 6: {
 7:   if (argc > 1000000) {
 8:     int (* volatile tp)(void)=(int (*)(void))&t;
 9:     printf("%d", (*tp)());
10:   }
11: 
12:   return !!argv[argc];
13: }
14: int t(void) { void ((*volatile p)()); p = (void ((*)()))sqlite3_load_extension; return !p; }
/* end */

"gcc -o conftest -I/usr/local/include/ruby-3.0.0/aarch64-linux -I/usr/local/include/ruby-3.0.0/ruby/backward -I/usr/local/include/ruby-3.0.0 -I. -I/app/blog/vendor/bundle/ruby/3.0.0/gems/sqlite3-1.6.2/ports/aarch64-linux-gnu/sqlite3/3.41.2/include    -O3 -ggdb3 -Wall -Wextra -Wdeprecated-declarations -Wduplicated-cond -Wimplicit-function-declaration -Wimplicit-int -Wmisleading-indentation -Wpointer-arith -Wwrite-strings -Wimplicit-fallthrough=0 -Wmissing-noreturn -Wno-cast-function-type -Wno-constant-logical-operand -Wno-long-long -Wno-missing-field-initializers -Wno-overlength-strings -Wno-packed-bitfield-compat -Wno-parentheses-equality -Wno-self-assign -Wno-tautological-compare -Wno-unused-parameter -Wno-unused-value -Wsuggest-attribute=format -Wsuggest-attribute=noreturn -Wunused-variable  -fPIC  -fvisibility=hidden conftest.c  -L. -L/usr/local/lib -Wl,-rpath,/usr/local/lib -L. -fstack-protector-strong -rdynamic -Wl,-export-dynamic -L/app/blog/vendor/bundle/ruby/3.0.0/gems/sqlite3-1.6.2/ports/aarch64-linux-gnu/sqlite3/3.41.2/lib -L/app/blog/vendor/bundle/ruby/3.0.0/gems/sqlite3-1.6.2/ports/aarch64-linux-gnu/sqlite3/3.41.2/lib -lsqlite3 -lz -lm -ldl -lpthread    -lsqlite3  -lsqlite3 -Wl,-rpath,/usr/local/lib -L/usr/local/lib -lruby -lsqlite3  -lsqlite3 -lm   -lc"
checked program was:
/* begin */
 1: #include "ruby.h"
 2: 
 3: /*top*/
 4: extern int t(void);
 5: int main(int argc, char **argv)
 6: {
 7:   if (argc > 1000000) {
 8:     int (* volatile tp)(void)=(int (*)(void))&t;
 9:     printf("%d", (*tp)());
10:   }
11: 
12:   return !!argv[argc];
13: }
14: extern void sqlite3_load_extension();
15: int t(void) { sqlite3_load_extension(); return 0; }
/* end */

--------------------

have_func: checking for sqlite3_open_v2()... -------------------- yes

"gcc -o conftest -I/usr/local/include/ruby-3.0.0/aarch64-linux -I/usr/local/include/ruby-3.0.0/ruby/backward -I/usr/local/include/ruby-3.0.0 -I. -I/app/blog/vendor/bundle/ruby/3.0.0/gems/sqlite3-1.6.2/ports/aarch64-linux-gnu/sqlite3/3.41.2/include    -O3 -ggdb3 -Wall -Wextra -Wdeprecated-declarations -Wduplicated-cond -Wimplicit-function-declaration -Wimplicit-int -Wmisleading-indentation -Wpointer-arith -Wwrite-strings -Wimplicit-fallthrough=0 -Wmissing-noreturn -Wno-cast-function-type -Wno-constant-logical-operand -Wno-long-long -Wno-missing-field-initializers -Wno-overlength-strings -Wno-packed-bitfield-compat -Wno-parentheses-equality -Wno-self-assign -Wno-tautological-compare -Wno-unused-parameter -Wno-unused-value -Wsuggest-attribute=format -Wsuggest-attribute=noreturn -Wunused-variable  -fPIC  -fvisibility=hidden conftest.c  -L. -L/usr/local/lib -Wl,-rpath,/usr/local/lib -L. -fstack-protector-strong -rdynamic -Wl,-export-dynamic -L/app/blog/vendor/bundle/ruby/3.0.0/gems/sqlite3-1.6.2/ports/aarch64-linux-gnu/sqlite3/3.41.2/lib -L/app/blog/vendor/bundle/ruby/3.0.0/gems/sqlite3-1.6.2/ports/aarch64-linux-gnu/sqlite3/3.41.2/lib -lsqlite3 -lz -lm -ldl -lpthread    -lsqlite3  -lsqlite3 -Wl,-rpath,/usr/local/lib -L/usr/local/lib -lruby -lsqlite3  -lsqlite3 -lm   -lc"
conftest.c: In function ‘t’:
conftest.c:14:57: error: ‘sqlite3_open_v2’ undeclared (first use in this function)
 int t(void) { void ((*volatile p)()); p = (void ((*)()))sqlite3_open_v2; return !p; }
                                                         ^~~~~~~~~~~~~~~
conftest.c:14:57: note: each undeclared identifier is reported only once for each function it appears in
conftest.c: At top level:
cc1: warning: unrecognized command line option ‘-Wno-self-assign’
cc1: warning: unrecognized command line option ‘-Wno-parentheses-equality’
cc1: warning: unrecognized command line option ‘-Wno-constant-logical-operand’
checked program was:
/* begin */
 1: #include "ruby.h"
 2: 
 3: /*top*/
 4: extern int t(void);
 5: int main(int argc, char **argv)
 6: {
 7:   if (argc > 1000000) {
 8:     int (* volatile tp)(void)=(int (*)(void))&t;
 9:     printf("%d", (*tp)());
10:   }
11: 
12:   return !!argv[argc];
13: }
14: int t(void) { void ((*volatile p)()); p = (void ((*)()))sqlite3_open_v2; return !p; }
/* end */

"gcc -o conftest -I/usr/local/include/ruby-3.0.0/aarch64-linux -I/usr/local/include/ruby-3.0.0/ruby/backward -I/usr/local/include/ruby-3.0.0 -I. -I/app/blog/vendor/bundle/ruby/3.0.0/gems/sqlite3-1.6.2/ports/aarch64-linux-gnu/sqlite3/3.41.2/include    -O3 -ggdb3 -Wall -Wextra -Wdeprecated-declarations -Wduplicated-cond -Wimplicit-function-declaration -Wimplicit-int -Wmisleading-indentation -Wpointer-arith -Wwrite-strings -Wimplicit-fallthrough=0 -Wmissing-noreturn -Wno-cast-function-type -Wno-constant-logical-operand -Wno-long-long -Wno-missing-field-initializers -Wno-overlength-strings -Wno-packed-bitfield-compat -Wno-parentheses-equality -Wno-self-assign -Wno-tautological-compare -Wno-unused-parameter -Wno-unused-value -Wsuggest-attribute=format -Wsuggest-attribute=noreturn -Wunused-variable  -fPIC  -fvisibility=hidden conftest.c  -L. -L/usr/local/lib -Wl,-rpath,/usr/local/lib -L. -fstack-protector-strong -rdynamic -Wl,-export-dynamic -L/app/blog/vendor/bundle/ruby/3.0.0/gems/sqlite3-1.6.2/ports/aarch64-linux-gnu/sqlite3/3.41.2/lib -L/app/blog/vendor/bundle/ruby/3.0.0/gems/sqlite3-1.6.2/ports/aarch64-linux-gnu/sqlite3/3.41.2/lib -lsqlite3 -lz -lm -ldl -lpthread    -lsqlite3  -lsqlite3 -Wl,-rpath,/usr/local/lib -L/usr/local/lib -lruby -lsqlite3  -lsqlite3 -lm   -lc"
checked program was:
/* begin */
 1: #include "ruby.h"
 2: 
 3: /*top*/
 4: extern int t(void);
 5: int main(int argc, char **argv)
 6: {
 7:   if (argc > 1000000) {
 8:     int (* volatile tp)(void)=(int (*)(void))&t;
 9:     printf("%d", (*tp)());
10:   }
11: 
12:   return !!argv[argc];
13: }
14: extern void sqlite3_open_v2();
15: int t(void) { sqlite3_open_v2(); return 0; }
/* end */

--------------------

have_func: checking for sqlite3_prepare_v2()... -------------------- yes

"gcc -o conftest -I/usr/local/include/ruby-3.0.0/aarch64-linux -I/usr/local/include/ruby-3.0.0/ruby/backward -I/usr/local/include/ruby-3.0.0 -I. -I/app/blog/vendor/bundle/ruby/3.0.0/gems/sqlite3-1.6.2/ports/aarch64-linux-gnu/sqlite3/3.41.2/include    -O3 -ggdb3 -Wall -Wextra -Wdeprecated-declarations -Wduplicated-cond -Wimplicit-function-declaration -Wimplicit-int -Wmisleading-indentation -Wpointer-arith -Wwrite-strings -Wimplicit-fallthrough=0 -Wmissing-noreturn -Wno-cast-function-type -Wno-constant-logical-operand -Wno-long-long -Wno-missing-field-initializers -Wno-overlength-strings -Wno-packed-bitfield-compat -Wno-parentheses-equality -Wno-self-assign -Wno-tautological-compare -Wno-unused-parameter -Wno-unused-value -Wsuggest-attribute=format -Wsuggest-attribute=noreturn -Wunused-variable  -fPIC  -fvisibility=hidden conftest.c  -L. -L/usr/local/lib -Wl,-rpath,/usr/local/lib -L. -fstack-protector-strong -rdynamic -Wl,-export-dynamic -L/app/blog/vendor/bundle/ruby/3.0.0/gems/sqlite3-1.6.2/ports/aarch64-linux-gnu/sqlite3/3.41.2/lib -L/app/blog/vendor/bundle/ruby/3.0.0/gems/sqlite3-1.6.2/ports/aarch64-linux-gnu/sqlite3/3.41.2/lib -lsqlite3 -lz -lm -ldl -lpthread    -lsqlite3  -lsqlite3 -Wl,-rpath,/usr/local/lib -L/usr/local/lib -lruby -lsqlite3  -lsqlite3 -lm   -lc"
conftest.c: In function ‘t’:
conftest.c:14:57: error: ‘sqlite3_prepare_v2’ undeclared (first use in this function)
 int t(void) { void ((*volatile p)()); p = (void ((*)()))sqlite3_prepare_v2; return !p; }
                                                         ^~~~~~~~~~~~~~~~~~
conftest.c:14:57: note: each undeclared identifier is reported only once for each function it appears in
conftest.c: At top level:
cc1: warning: unrecognized command line option ‘-Wno-self-assign’
cc1: warning: unrecognized command line option ‘-Wno-parentheses-equality’
cc1: warning: unrecognized command line option ‘-Wno-constant-logical-operand’
checked program was:
/* begin */
 1: #include "ruby.h"
 2: 
 3: /*top*/
 4: extern int t(void);
 5: int main(int argc, char **argv)
 6: {
 7:   if (argc > 1000000) {
 8:     int (* volatile tp)(void)=(int (*)(void))&t;
 9:     printf("%d", (*tp)());
10:   }
11: 
12:   return !!argv[argc];
13: }
14: int t(void) { void ((*volatile p)()); p = (void ((*)()))sqlite3_prepare_v2; return !p; }
/* end */

"gcc -o conftest -I/usr/local/include/ruby-3.0.0/aarch64-linux -I/usr/local/include/ruby-3.0.0/ruby/backward -I/usr/local/include/ruby-3.0.0 -I. -I/app/blog/vendor/bundle/ruby/3.0.0/gems/sqlite3-1.6.2/ports/aarch64-linux-gnu/sqlite3/3.41.2/include    -O3 -ggdb3 -Wall -Wextra -Wdeprecated-declarations -Wduplicated-cond -Wimplicit-function-declaration -Wimplicit-int -Wmisleading-indentation -Wpointer-arith -Wwrite-strings -Wimplicit-fallthrough=0 -Wmissing-noreturn -Wno-cast-function-type -Wno-constant-logical-operand -Wno-long-long -Wno-missing-field-initializers -Wno-overlength-strings -Wno-packed-bitfield-compat -Wno-parentheses-equality -Wno-self-assign -Wno-tautological-compare -Wno-unused-parameter -Wno-unused-value -Wsuggest-attribute=format -Wsuggest-attribute=noreturn -Wunused-variable  -fPIC  -fvisibility=hidden conftest.c  -L. -L/usr/local/lib -Wl,-rpath,/usr/local/lib -L. -fstack-protector-strong -rdynamic -Wl,-export-dynamic -L/app/blog/vendor/bundle/ruby/3.0.0/gems/sqlite3-1.6.2/ports/aarch64-linux-gnu/sqlite3/3.41.2/lib -L/app/blog/vendor/bundle/ruby/3.0.0/gems/sqlite3-1.6.2/ports/aarch64-linux-gnu/sqlite3/3.41.2/lib -lsqlite3 -lz -lm -ldl -lpthread    -lsqlite3  -lsqlite3 -Wl,-rpath,/usr/local/lib -L/usr/local/lib -lruby -lsqlite3  -lsqlite3 -lm   -lc"
checked program was:
/* begin */
 1: #include "ruby.h"
 2: 
 3: /*top*/
 4: extern int t(void);
 5: int main(int argc, char **argv)
 6: {
 7:   if (argc > 1000000) {
 8:     int (* volatile tp)(void)=(int (*)(void))&t;
 9:     printf("%d", (*tp)());
10:   }
11: 
12:   return !!argv[argc];
13: }
14: extern void sqlite3_prepare_v2();
15: int t(void) { sqlite3_prepare_v2(); return 0; }
/* end */

--------------------

have_type: checking for sqlite3_int64 in sqlite3.h... -------------------- yes

"gcc -I/usr/local/include/ruby-3.0.0/aarch64-linux -I/usr/local/include/ruby-3.0.0/ruby/backward -I/usr/local/include/ruby-3.0.0 -I. -I/app/blog/vendor/bundle/ruby/3.0.0/gems/sqlite3-1.6.2/ports/aarch64-linux-gnu/sqlite3/3.41.2/include    -O3 -ggdb3 -Wall -Wextra -Wdeprecated-declarations -Wduplicated-cond -Wimplicit-function-declaration -Wimplicit-int -Wmisleading-indentation -Wpointer-arith -Wwrite-strings -Wimplicit-fallthrough=0 -Wmissing-noreturn -Wno-cast-function-type -Wno-constant-logical-operand -Wno-long-long -Wno-missing-field-initializers -Wno-overlength-strings -Wno-packed-bitfield-compat -Wno-parentheses-equality -Wno-self-assign -Wno-tautological-compare -Wno-unused-parameter -Wno-unused-value -Wsuggest-attribute=format -Wsuggest-attribute=noreturn -Wunused-variable  -fPIC  -fvisibility=hidden   -c conftest.c"
checked program was:
/* begin */
1: #include "ruby.h"
2: 
3: #include <sqlite3.h>
4: 
5: /*top*/
6: typedef sqlite3_int64 conftest_type;
7: int conftestval[sizeof(conftest_type)?1:-1];
/* end */

--------------------

have_type: checking for sqlite3_uint64 in sqlite3.h... -------------------- yes

"gcc -I/usr/local/include/ruby-3.0.0/aarch64-linux -I/usr/local/include/ruby-3.0.0/ruby/backward -I/usr/local/include/ruby-3.0.0 -I. -I/app/blog/vendor/bundle/ruby/3.0.0/gems/sqlite3-1.6.2/ports/aarch64-linux-gnu/sqlite3/3.41.2/include    -O3 -ggdb3 -Wall -Wextra -Wdeprecated-declarations -Wduplicated-cond -Wimplicit-function-declaration -Wimplicit-int -Wmisleading-indentation -Wpointer-arith -Wwrite-strings -Wimplicit-fallthrough=0 -Wmissing-noreturn -Wno-cast-function-type -Wno-constant-logical-operand -Wno-long-long -Wno-missing-field-initializers -Wno-overlength-strings -Wno-packed-bitfield-compat -Wno-parentheses-equality -Wno-self-assign -Wno-tautological-compare -Wno-unused-parameter -Wno-unused-value -Wsuggest-attribute=format -Wsuggest-attribute=noreturn -Wunused-variable  -fPIC  -fvisibility=hidden   -c conftest.c"
checked program was:
/* begin */
1: #include "ruby.h"
2: 
3: #include <sqlite3.h>
4: 
5: /*top*/
6: typedef sqlite3_uint64 conftest_type;
7: int conftestval[sizeof(conftest_type)?1:-1];
/* end */

--------------------

